# JRE version: Java(TM) SE Runtime Environment (8.0_73-b02) (build 1.8.0_73-b02)
# Java VM: Java HotSpot(TM) 64-Bit Server VM (25.73-b02 mixed mode linux-amd64 compressed oops)
Heap:
 PSYoungGen      total 225792K, used 69117K [0x00000000eab00000, 0x00000000fcb00000, 0x0000000100000000)
  eden space 156672K, 0% used [0x00000000eab00000,0x00000000eab00000,0x00000000f4400000)
  from space 69120K, 99% used [0x00000000f4400000,0x00000000f877f758,0x00000000f8780000)
  to   space 58880K, 0% used [0x00000000f9180000,0x00000000f9180000,0x00000000fcb00000)
 ParOldGen       total 181248K, used 124866K [0x00000000c0000000, 0x00000000cb100000, 0x00000000eab00000)
  object space 181248K, 68% used [0x00000000c0000000,0x00000000c79f0968,0x00000000cb100000)
 Metaspace       used 6158K, capacity 7064K, committed 7424K, reserved 1056768K
  class space    used 609K, capacity 656K, committed 768K, reserved 1048576K
GC Heap History (10 events):
Event: 9.837 GC heap after
Heap after GC invocations=6 (full 0):
 PSYoungGen      total 120320K, used 12783K [0x00000000eab00000, 0x00000000f6600000, 0x0000000100000000)
  eden space 107520K, 0% used [0x00000000eab00000,0x00000000eab00000,0x00000000f1400000)
  from space 12800K, 99% used [0x00000000f3380000,0x00000000f3ffbc58,0x00000000f4000000)
  to   space 32256K, 0% used [0x00000000f1400000,0x00000000f1400000,0x00000000f3380000)
 ParOldGen       total 52224K, used 50836K [0x00000000c0000000, 0x00000000c3300000, 0x00000000eab00000)
  object space 52224K, 97% used [0x00000000c0000000,0x00000000c31a5000,0x00000000c3300000)
 Metaspace       used 6083K, capacity 7000K, committed 7168K, reserved 1056768K
  class space    used 608K, capacity 656K, committed 768K, reserved 1048576K
}
Event: 9.837 GC heap before
{Heap before GC invocations=7 (full 1):
 PSYoungGen      total 120320K, used 12783K [0x00000000eab00000, 0x00000000f6600000, 0x0000000100000000)
  eden space 107520K, 0% used [0x00000000eab00000,0x00000000eab00000,0x00000000f1400000)
  from space 12800K, 99% used [0x00000000f3380000,0x00000000f3ffbc58,0x00000000f4000000)
  to   space 32256K, 0% used [0x00000000f1400000,0x00000000f1400000,0x00000000f3380000)
 ParOldGen       total 52224K, used 50836K [0x00000000c0000000, 0x00000000c3300000, 0x00000000eab00000)
  object space 52224K, 97% used [0x00000000c0000000,0x00000000c31a5000,0x00000000c3300000)
 Metaspace       used 6083K, capacity 7000K, committed 7168K, reserved 1056768K
  class space    used 608K, capacity 656K, committed 768K, reserved 1048576K
Event: 10.539 GC heap after
Heap after GC invocations=7 (full 1):
 PSYoungGen      total 120320K, used 7612K [0x00000000eab00000, 0x00000000f6600000, 0x0000000100000000)
  eden space 107520K, 0% used [0x00000000eab00000,0x00000000eab00000,0x00000000f1400000)
  from space 12800K, 59% used [0x00000000f3380000,0x00000000f3aef060,0x00000000f4000000)
  to   space 32256K, 0% used [0x00000000f1400000,0x00000000f1400000,0x00000000f3380000)
 ParOldGen       total 99328K, used 51781K [0x00000000c0000000, 0x00000000c6100000, 0x00000000eab00000)
  object space 99328K, 52% used [0x00000000c0000000,0x00000000c32917b0,0x00000000c6100000)
 Metaspace       used 6083K, capacity 7000K, committed 7168K, reserved 1056768K
  class space    used 608K, capacity 656K, committed 768K, reserved 1048576K
}
Event: 10.859 GC heap before
{Heap before GC invocations=8 (full 1):
 PSYoungGen      total 120320K, used 115132K [0x00000000eab00000, 0x00000000f6600000, 0x0000000100000000)
  eden space 107520K, 100% used [0x00000000eab00000,0x00000000f1400000,0x00000000f1400000)
  from space 12800K, 59% used [0x00000000f3380000,0x00000000f3aef060,0x00000000f4000000)
  to   space 32256K, 0% used [0x00000000f1400000,0x00000000f1400000,0x00000000f3380000)
 ParOldGen       total 99328K, used 51781K [0x00000000c0000000, 0x00000000c6100000, 0x00000000eab00000)
  object space 99328K, 52% used [0x00000000c0000000,0x00000000c32917b0,0x00000000c6100000)
 Metaspace       used 6084K, capacity 7000K, committed 7168K, reserved 1056768K
  class space    used 608K, capacity 656K, committed 768K, reserved 1048576K
Event: 11.126 GC heap after
Heap after GC invocations=8 (full 1):
 PSYoungGen      total 139776K, used 32232K [0x00000000eab00000, 0x00000000fce80000, 0x0000000100000000)
  eden space 107520K, 0% used [0x00000000eab00000,0x00000000eab00000,0x00000000f1400000)
  from space 32256K, 99% used [0x00000000f1400000,0x00000000f337a328,0x00000000f3380000)
  to   space 62464K, 0% used [0x00000000f9180000,0x00000000f9180000,0x00000000fce80000)
 ParOldGen       total 99328K, used 97645K [0x00000000c0000000, 0x00000000c6100000, 0x00000000eab00000)
  object space 99328K, 98% used [0x00000000c0000000,0x00000000c5f5b7c8,0x00000000c6100000)
 Metaspace       used 6084K, capacity 7000K, committed 7168K, reserved 1056768K
  class space    used 608K, capacity 656K, committed 768K, reserved 1048576K
}
Event: 11.126 GC heap before
{Heap before GC invocations=9 (full 2):
 PSYoungGen      total 139776K, used 32232K [0x00000000eab00000, 0x00000000fce80000, 0x0000000100000000)
  eden space 107520K, 0% used [0x00000000eab00000,0x00000000eab00000,0x00000000f1400000)
  from space 32256K, 99% used [0x00000000f1400000,0x00000000f337a328,0x00000000f3380000)
  to   space 62464K, 0% used [0x00000000f9180000,0x00000000f9180000,0x00000000fce80000)
 ParOldGen       total 99328K, used 97645K [0x00000000c0000000, 0x00000000c6100000, 0x00000000eab00000)
  object space 99328K, 98% used [0x00000000c0000000,0x00000000c5f5b7c8,0x00000000c6100000)
 Metaspace       used 6084K, capacity 7000K, committed 7168K, reserved 1056768K
  class space    used 608K, capacity 656K, committed 768K, reserved 1048576K
Event: 12.030 GC heap after
Heap after GC invocations=9 (full 2):
 PSYoungGen      total 139776K, used 24015K [0x00000000eab00000, 0x00000000fce80000, 0x0000000100000000)
  eden space 107520K, 0% used [0x00000000eab00000,0x00000000eab00000,0x00000000f1400000)
  from space 32256K, 74% used [0x00000000f1400000,0x00000000f2b73cd0,0x00000000f3380000)
  to   space 62464K, 0% used [0x00000000f9180000,0x00000000f9180000,0x00000000fce80000)
 ParOldGen       total 181248K, used 99119K [0x00000000c0000000, 0x00000000cb100000, 0x00000000eab00000)
  object space 181248K, 54% used [0x00000000c0000000,0x00000000c60cbdc8,0x00000000cb100000)
 Metaspace       used 6084K, capacity 7000K, committed 7168K, reserved 1056768K
  class space    used 608K, capacity 656K, committed 768K, reserved 1048576K
}
Event: 12.849 GC heap before
{Heap before GC invocations=10 (full 2):
 PSYoungGen      total 139776K, used 131535K [0x00000000eab00000, 0x00000000fce80000, 0x0000000100000000)
  eden space 107520K, 100% used [0x00000000eab00000,0x00000000f1400000,0x00000000f1400000)
  from space 32256K, 74% used [0x00000000f1400000,0x00000000f2b73cd0,0x00000000f3380000)
  to   space 62464K, 0% used [0x00000000f9180000,0x00000000f9180000,0x00000000fce80000)
 ParOldGen       total 181248K, used 99119K [0x00000000c0000000, 0x00000000cb100000, 0x00000000eab00000)
  object space 181248K, 54% used [0x00000000c0000000,0x00000000c60cbdc8,0x00000000cb100000)
 Metaspace       used 6095K, capacity 7064K, committed 7424K, reserved 1056768K
  class space    used 609K, capacity 656K, committed 768K, reserved 1048576K
Event: 19.822 GC heap after
Heap after GC invocations=10 (full 2):
 PSYoungGen      total 215552K, used 48390K [0x00000000eab00000, 0x00000000fcb00000, 0x0000000100000000)
  eden space 156672K, 0% used [0x00000000eab00000,0x00000000eab00000,0x00000000f4400000)
  from space 58880K, 82% used [0x00000000f9180000,0x00000000fc0c1b20,0x00000000fcb00000)
  to   space 69120K, 0% used [0x00000000f4400000,0x00000000f4400000,0x00000000f8780000)
 ParOldGen       total 181248K, used 99119K [0x00000000c0000000, 0x00000000cb100000, 0x00000000eab00000)
  object space 181248K, 54% used [0x00000000c0000000,0x00000000c60cbdc8,0x00000000cb100000)
 Metaspace       used 6095K, capacity 7064K, committed 7424K, reserved 1056768K
  class space    used 609K, capacity 656K, committed 768K, reserved 1048576K
}
Event: 21.397 GC heap before
{Heap before GC invocations=11 (full 2):
 PSYoungGen      total 215552K, used 205062K [0x00000000eab00000, 0x00000000fcb00000, 0x0000000100000000)
  eden space 156672K, 100% used [0x00000000eab00000,0x00000000f4400000,0x00000000f4400000)
  from space 58880K, 82% used [0x00000000f9180000,0x00000000fc0c1b20,0x00000000fcb00000)
  to   space 69120K, 0% used [0x00000000f4400000,0x00000000f4400000,0x00000000f8780000)
 ParOldGen       total 181248K, used 99119K [0x00000000c0000000, 0x00000000cb100000, 0x00000000eab00000)
  object space 181248K, 54% used [0x00000000c0000000,0x00000000c60cbdc8,0x00000000cb100000)
 Metaspace       used 6158K, capacity 7064K, committed 7424K, reserved 1056768K
  class space    used 609K, capacity 656K, committed 768K, reserved 1048576K

